============================= test session starts ==============================
platform linux -- Python 3.12.12, pytest-9.0.2, pluggy-1.6.0
rootdir: /home/frank/labor/gits/scriptproxymcp
configfile: pyproject.toml
plugins: anyio-4.12.1
collected 40 items

test_closure.py .                                                        [  2%]
tests/test_scriptexecute.py ..................                           [ 47%]
tests/test_server.py .....................                               [100%]

============================== 40 passed in 0.33s ==============================
